开始导出模式[TEST].....
----- 共导出 0 个SEQUENCE ----- 

----- 共导出 0 个VIEW ----- 

----- 共导出 0 个TRIGGER ----- 

----- 共导出 0 个COMMENT TAB ----- 

----- 共导出 0 个COMMENT COL ----- 

----- 共导出 0 个PROCEDURE ----- 

----- 共导出 0 个SYNONYM ----- 

----- 共导出 0 个DBLINK ----- 

----- 共导出 0 个TRIGGER ----- 

----- 共导出 0 个PACKAGE ----- 

----- 共导出 0 个PKG_BODY ----- 

----- 共导出 0 个OBJECT of NO REFER OTHER CLASS ----- 

----- 共导出 0 个OBJECT of REFER OTHER CLASS ----- 

----- 共导出 0 个JCLASS ----- 

----- 共导出 0 个CLASS_BODY ----- 

----- 共导出 0 个DOMAIN ----- 

导出模式下的对象权限...


----- [2017-06-28 15:34:37]导出表：DETAIL -----

导出模式下的对象权限...

表DETAIL导出结束，共导出 22 行数据


----- [2017-06-28 15:34:37]导出表：USRE -----

导出约束：FK286171EB07A046 

导出模式下的对象权限...

表USRE导出结束，共导出 2 行数据


----- [2017-06-28 15:34:37]导出表：ROLE_PRIVILEGE -----

导出约束：FK81B4C228D41DC0D9 

导出约束：FK81B4C22822321142 

导出模式下的对象权限...

表ROLE_PRIVILEGE导出结束，共导出 20 行数据


----- [2017-06-28 15:34:37]导出表：ROLES -----

导出模式下的对象权限...

表ROLES导出结束，共导出 2 行数据


----- [2017-06-28 15:34:37]导出表：PRIVILEGE -----

导出约束：FK196D1691D41DCFDD 

导出模式下的对象权限...

表PRIVILEGE导出结束，共导出 11 行数据


----- [2017-06-28 15:34:37]导出表：OUTPUT -----

导出模式下的对象权限...

表OUTPUT导出结束，共导出 260 行数据


----- [2017-06-28 15:34:37]导出表：INPUT -----

导出模式下的对象权限...

表INPUT导出结束，共导出 585 行数据


----- [2017-06-28 15:34:37]导出表：INOUT_ -----

导出模式下的对象权限...

表INOUT_导出结束，共导出 4 行数据


----- [2017-06-28 15:34:37]导出表：DVALUE -----

导出模式下的对象权限...

表DVALUE导出结束，共导出 5 行数据

模式[TEST]导出结束.....
成功导出 第1 个SCHEMA ：TEST


共导出 1 个SCHEMA


整个导出过程共花费    0.402 s


成功终止导出, 没有出现警告
