开始导入模式[TEST]......
导入模式中的 NECESSARY GLOBAL 对象……
模式中的 NECESSARY GLOBAL 对象导入完成……

----- [2017-06-28 15:40:56]导入表：DETAIL -----

创建表 DETAIL ...
表 DETAIL 的数据导入完成，共导入数据：22 行

----- [2017-06-28 15:40:57]导入表：USRE -----

创建表 USRE ...
表 USRE 的数据导入完成，共导入数据：2 行

----- [2017-06-28 15:40:57]导入表：ROLE_PRIVILEGE -----

创建表 ROLE_PRIVILEGE ...
表 ROLE_PRIVILEGE 的数据导入完成，共导入数据：20 行

----- [2017-06-28 15:40:57]导入表：ROLES -----

创建表 ROLES ...
表 ROLES 的数据导入完成，共导入数据：2 行

----- [2017-06-28 15:40:57]导入表：PRIVILEGE -----

创建表 PRIVILEGE ...
表 PRIVILEGE 的数据导入完成，共导入数据：11 行

----- [2017-06-28 15:40:57]导入表：OUTPUT -----

创建表 OUTPUT ...
表 OUTPUT 的数据导入完成，共导入数据：260 行

----- [2017-06-28 15:40:57]导入表：INPUT -----

创建表 INPUT ...
表 INPUT 的数据导入完成，共导入数据：585 行

----- [2017-06-28 15:40:57]导入表：INOUT_ -----

创建表 INOUT_ ...
表 INOUT_ 的数据导入完成，共导入数据：4 行

----- [2017-06-28 15:40:57]导入表：DVALUE -----

创建表 DVALUE ...
表 DVALUE 的数据导入完成，共导入数据：5 行
导入模式中的 GLOBAL 对象……
模式中的 GLOBAL 对象导入完成……
模式[TEST]导入完成......

导入表的约束:
FK286171EB07A046
导入成功……

导入表的约束:
FK81B4C228D41DC0D9
导入成功……

导入表的约束:
FK81B4C22822321142
导入成功……

导入表的约束:
FK196D1691D41DCFDD
导入成功……

整个导入过程共花费    0.685 s


成功终止导入, 没有出现警告
